[PREINITIALIZATION][CLIENT][INFO] Current loaders after merging: [[preinit]]
[PREINITIALIZATION][CLIENT][INFO] Loading scripts for loader with names [preinit]
[PREINITIALIZATION][CLIENT][INFO] [preinit | SIDE_CLIENT]: Skipping file {[0:crafttweaker]: actually additions.zs} as we are currently loading with a different loader
[PREINITIALIZATION][CLIENT][INFO] [preinit | SIDE_CLIENT]: Skipping file {[0:crafttweaker]: advanced rocketry.zs} as we are currently loading with a different loader
[PREINITIALIZATION][CLIENT][INFO] [preinit | SIDE_CLIENT]: Skipping file {[0:crafttweaker]: aroma.zs} as we are currently loading with a different loader
[PREINITIALIZATION][CLIENT][INFO] [preinit | SIDE_CLIENT]: Skipping file {[0:crafttweaker]: calculator.zs} as we are currently loading with a different loader
[PREINITIALIZATION][CLIENT][INFO] [preinit | SIDE_CLIENT]: Skipping file {[0:crafttweaker]: computers.zs} as we are currently loading with a different loader
[PREINITIALIZATION][CLIENT][INFO] [preinit | SIDE_CLIENT]: Skipping file {[0:crafttweaker]: deep.zs} as we are currently loading with a different loader
[PREINITIALIZATION][CLIENT][INFO] [preinit | SIDE_CLIENT]: Skipping file {[0:crafttweaker]: enderio.zs} as we are currently loading with a different loader
[PREINITIALIZATION][CLIENT][INFO] [preinit | SIDE_CLIENT]: Skipping file {[0:crafttweaker]: extrautilities.zs} as we are currently loading with a different loader
[PREINITIALIZATION][CLIENT][INFO] [preinit | SIDE_CLIENT]: Skipping file {[0:crafttweaker]: extremereactors.zs} as we are currently loading with a different loader
[PREINITIALIZATION][CLIENT][INFO] [preinit | SIDE_CLIENT]: Skipping file {[0:crafttweaker]: forestry.zs} as we are currently loading with a different loader
[PREINITIALIZATION][CLIENT][INFO] [preinit | SIDE_CLIENT]: Skipping file {[0:crafttweaker]: IC2.zs} as we are currently loading with a different loader
[PREINITIALIZATION][CLIENT][INFO] [preinit | SIDE_CLIENT]: Skipping file {[0:crafttweaker]: Immersive.zs} as we are currently loading with a different loader
[PREINITIALIZATION][CLIENT][INFO] [preinit | SIDE_CLIENT]: Skipping file {[0:crafttweaker]: integrated dynamics.zs} as we are currently loading with a different loader
[PREINITIALIZATION][CLIENT][INFO] [preinit | SIDE_CLIENT]: Skipping file {[0:crafttweaker]: mekanism.zs} as we are currently loading with a different loader
[PREINITIALIZATION][CLIENT][INFO] [preinit | SIDE_CLIENT]: Skipping file {[0:crafttweaker]: metals.zs} as we are currently loading with a different loader
[PREINITIALIZATION][CLIENT][INFO] [preinit | SIDE_CLIENT]: Skipping file {[0:crafttweaker]: railcraft.zs} as we are currently loading with a different loader
[PREINITIALIZATION][CLIENT][INFO] [preinit | SIDE_CLIENT]: Skipping file {[0:crafttweaker]: rft.zs} as we are currently loading with a different loader
[PREINITIALIZATION][CLIENT][INFO] [preinit | SIDE_CLIENT]: Skipping file {[0:crafttweaker]: techreborn.zs} as we are currently loading with a different loader
[PREINITIALIZATION][CLIENT][INFO] [preinit | SIDE_CLIENT]: Skipping file {[0:crafttweaker]: thaumcraft.zs} as we are currently loading with a different loader
[PREINITIALIZATION][CLIENT][INFO] [preinit | SIDE_CLIENT]: Skipping file {[0:crafttweaker]: Tinkers.zs} as we are currently loading with a different loader
[PREINITIALIZATION][CLIENT][INFO] [preinit | SIDE_CLIENT]: Skipping file {[0:crafttweaker]: vanilla.zs} as we are currently loading with a different loader
[PREINITIALIZATION][CLIENT][INFO] Completed script loading in: 4ms
[INITIALIZATION][CLIENT][INFO] CraftTweaker: Building registry
[INITIALIZATION][CLIENT][INFO] CraftTweaker: Successfully built item registry
[INITIALIZATION][CLIENT][INFO] Current loaders after merging: [[preinit], [recipeevent | crafttweaker]]
[INITIALIZATION][CLIENT][INFO] Loading scripts for loader with names [crafttweaker | recipeevent]
[INITIALIZATION][CLIENT][INFO] [crafttweaker | SIDE_CLIENT]: Loading Script: {[0:crafttweaker]: actually additions.zs}
[INITIALIZATION][CLIENT][INFO] actually additions
[INITIALIZATION][CLIENT][INFO] [crafttweaker | SIDE_CLIENT]: Loading Script: {[0:crafttweaker]: advanced rocketry.zs}
[INITIALIZATION][CLIENT][INFO] advanced rocketry
[INITIALIZATION][CLIENT][INFO] [crafttweaker | SIDE_CLIENT]: Loading Script: {[0:crafttweaker]: aroma.zs}
[INITIALIZATION][CLIENT][ERROR] aroma.zs:4: Could not resolve <aroma1997sdimension : miningmultitool>
[INITIALIZATION][CLIENT][ERROR] aroma.zs:5: Could not resolve <aroma1997sdimension : miningmultitool>
[INITIALIZATION][CLIENT][INFO] aroma
[INITIALIZATION][CLIENT][ERROR] Cannot remove recipes for a null item!
[INITIALIZATION][CLIENT][ERROR] [crafttweaker]: Error executing {[0:crafttweaker]: aroma.zs}: null
java.lang.NullPointerException
	at crafttweaker.mc1120.recipes.MCRecipeShaped.toCommandString(MCRecipeShaped.java:335)
	at crafttweaker.mc1120.recipes.MCRecipeManager$ActionBaseAddRecipe.calculateName(MCRecipeManager.java:752)
	at crafttweaker.mc1120.recipes.MCRecipeManager$ActionBaseAddRecipe.setName(MCRecipeManager.java:746)
	at crafttweaker.mc1120.recipes.MCRecipeManager$ActionAddShapedRecipe.<init>(MCRecipeManager.java:787)
	at crafttweaker.mc1120.recipes.MCRecipeManager$ActionAddShapedRecipe.<init>(MCRecipeManager.java:782)
	at crafttweaker.mc1120.recipes.MCRecipeManager.addShaped(MCRecipeManager.java:159)
	at Aroma.__script__(aroma.zs:5)
	at __ZenMain__.run(Aroma)
	at crafttweaker.runtime.CrTTweaker.loadScript(CrTTweaker.java:240)
	at crafttweaker.runtime.CrTTweaker.loadScript(CrTTweaker.java:105)
	at crafttweaker.mc1120.events.CommonEventHandler.registerRecipes(CommonEventHandler.java:71)
	at net.minecraftforge.fml.common.eventhandler.ASMEventHandler_812_CommonEventHandler_registerRecipes_Register.invoke(.dynamic)
	at net.minecraftforge.fml.common.eventhandler.ASMEventHandler.invoke(ASMEventHandler.java:90)
	at net.minecraftforge.fml.common.eventhandler.EventBus$1.invoke(EventBus.java:144)
	at com.github.terminatornl.laggoggles.tickcentral.EventBusTransformer.redirectEvent(EventBusTransformer.java:67)
	at net.minecraftforge.fml.common.eventhandler.EventBus.post(EventBus.java:182)
	at net.minecraftforge.registries.GameData.fireRegistryEvents(GameData.java:857)
	at net.minecraftforge.common.crafting.CraftingHelper.loadRecipes(CraftingHelper.java:636)
	at net.minecraftforge.fml.common.Loader.initializeMods(Loader.java:747)
	at net.minecraftforge.fml.client.FMLClientHandler.finishMinecraftLoading(FMLClientHandler.java:336)
	at net.minecraft.client.Minecraft.func_71384_a(Minecraft.java:535)
	at net.minecraft.client.Minecraft.func_99999_d(Minecraft.java:378)
	at net.minecraft.client.main.Main.main(SourceFile:123)
	at sun.reflect.NativeMethodAccessorImpl.invoke0(Native Method)
	at sun.reflect.NativeMethodAccessorImpl.invoke(NativeMethodAccessorImpl.java:62)
	at sun.reflect.DelegatingMethodAccessorImpl.invoke(DelegatingMethodAccessorImpl.java:43)
	at java.lang.reflect.Method.invoke(Method.java:497)
	at net.minecraft.launchwrapper.Launch.launch(Launch.java:135)
	at net.minecraft.launchwrapper.Launch.main(Launch.java:28)
[INITIALIZATION][CLIENT][INFO] [crafttweaker | SIDE_CLIENT]: Loading Script: {[0:crafttweaker]: calculator.zs}
[INITIALIZATION][CLIENT][INFO] calculator
[INITIALIZATION][CLIENT][INFO] [crafttweaker | SIDE_CLIENT]: Loading Script: {[0:crafttweaker]: computers.zs}
[INITIALIZATION][CLIENT][INFO] open computers
[INITIALIZATION][CLIENT][INFO] [crafttweaker | SIDE_CLIENT]: Loading Script: {[0:crafttweaker]: deep.zs}
[INITIALIZATION][CLIENT][INFO] deep
[INITIALIZATION][CLIENT][INFO] [crafttweaker | SIDE_CLIENT]: Loading Script: {[0:crafttweaker]: enderio.zs}
[INITIALIZATION][CLIENT][INFO] enderio
[INITIALIZATION][CLIENT][INFO] [crafttweaker | SIDE_CLIENT]: Loading Script: {[0:crafttweaker]: extrautilities.zs}
[INITIALIZATION][CLIENT][INFO] extrautilities
[INITIALIZATION][CLIENT][INFO] [crafttweaker | SIDE_CLIENT]: Loading Script: {[0:crafttweaker]: extremereactors.zs}
[INITIALIZATION][CLIENT][INFO] extreme reactors
[INITIALIZATION][CLIENT][INFO] [crafttweaker | SIDE_CLIENT]: Loading Script: {[0:crafttweaker]: forestry.zs}
[INITIALIZATION][CLIENT][INFO] forestry
[INITIALIZATION][CLIENT][INFO] [crafttweaker | SIDE_CLIENT]: Loading Script: {[0:crafttweaker]: IC2.zs}
[INITIALIZATION][CLIENT][INFO] IC2
[INITIALIZATION][CLIENT][INFO] Adding Slag to ore dictionary entry itemSlag
[INITIALIZATION][CLIENT][INFO] [crafttweaker | SIDE_CLIENT]: Loading Script: {[0:crafttweaker]: Immersive.zs}
[INITIALIZATION][CLIENT][INFO] Immersive
[INITIALIZATION][CLIENT][INFO] Removing Blueprint Recipe for Iron Mechanical Component
[INITIALIZATION][CLIENT][INFO] Adding Blueprint Recipe for Iron Mechanical Component
[INITIALIZATION][CLIENT][INFO] Removing Blueprint Recipe for Steel Mechanical Component
[INITIALIZATION][CLIENT][INFO] Adding Blueprint Recipe for Steel Mechanical Component
[INITIALIZATION][CLIENT][INFO] [crafttweaker | SIDE_CLIENT]: Loading Script: {[0:crafttweaker]: integrated dynamics.zs}
[INITIALIZATION][CLIENT][INFO] Integrated dynamics
[INITIALIZATION][CLIENT][INFO] Removing 1 DryingBasin Recipe(s) for DryingBasin recipe: Input: IngredientAndFluidStackRecipeComponent(ingredient=net.minecraft.item.crafting.Ingredient@404c47c7, fluidStack=null, chance=0.0); Output: IngredientAndFluidStackRecipeComponent(ingredient=net.minecraft.item.crafting.Ingredient@32b17d5e, fluidStack=null, chance=0.0); Properties: DurationRecipeProperties(duration=100); 
[INITIALIZATION][CLIENT][INFO] [crafttweaker | SIDE_CLIENT]: Loading Script: {[0:crafttweaker]: mekanism.zs}
[INITIALIZATION][CLIENT][INFO] mekanism
[INITIALIZATION][CLIENT][INFO] [crafttweaker | SIDE_CLIENT]: Loading Script: {[0:crafttweaker]: metals.zs}
[INITIALIZATION][CLIENT][ERROR] metals.zs:7: Could not resolve <thaumcraft : quicksilver>
[INITIALIZATION][CLIENT][INFO] metals
[INITIALIZATION][CLIENT][ERROR] Null not allowed in shapeless recipes! Recipe for: <basemetals:mithril_blend> not created!
[INITIALIZATION][CLIENT][INFO] [crafttweaker | SIDE_CLIENT]: Loading Script: {[0:crafttweaker]: railcraft.zs}
[INITIALIZATION][CLIENT][INFO] railcraft
[INITIALIZATION][CLIENT][INFO] [crafttweaker | SIDE_CLIENT]: Loading Script: {[0:crafttweaker]: rft.zs}
[INITIALIZATION][CLIENT][INFO] rft
[INITIALIZATION][CLIENT][INFO] [crafttweaker | SIDE_CLIENT]: Loading Script: {[0:crafttweaker]: techreborn.zs}
[INITIALIZATION][CLIENT][INFO] tech reborn
[INITIALIZATION][CLIENT][INFO] [crafttweaker | SIDE_CLIENT]: Loading Script: {[0:crafttweaker]: thaumcraft.zs}
[INITIALIZATION][CLIENT][ERROR] thaumcraft.zs:1 > could not find package null
[INITIALIZATION][CLIENT][ERROR] thaumcraft.zs:5: Could not resolve <thaumcraft : plate : 0>
[INITIALIZATION][CLIENT][ERROR] thaumcraft.zs:6: Could not resolve <thaumcraft : plate : 1>
[INITIALIZATION][CLIENT][ERROR] thaumcraft.zs:7: Could not resolve <thaumcraft : plate : 2>
[INITIALIZATION][CLIENT][ERROR] thaumcraft.zs:8: Could not resolve <thaumcraft : plate : 3>
[INITIALIZATION][CLIENT][ERROR] thaumcraft.zs:10: Could not resolve <thaumcraft : mechanism_simple>
[INITIALIZATION][CLIENT][ERROR] thaumcraft.zs:11: Could not resolve <thaumcraft : mechanism_simple>
[INITIALIZATION][CLIENT][ERROR] thaumcraft.zs:11: Could not resolve <thaumcraft : plate : 0>
[INITIALIZATION][CLIENT][ERROR] thaumcraft.zs:13: Could not resolve <thaumcraft : plate : 0>
[INITIALIZATION][CLIENT][ERROR] thaumcraft.zs:18: Could not resolve <thaumcraft : mechanism_complex>
[INITIALIZATION][CLIENT][ERROR] thaumcraft.zs:19: Could not resolve <thaumcraft : mechanism_complex>
[INITIALIZATION][CLIENT][ERROR] thaumcraft.zs:19: Could not resolve <thaumcraft : mechanism_simple>
[INITIALIZATION][CLIENT][ERROR] thaumcraft.zs:21: Could not resolve <thaumcraft : mechanism_simple>
[INITIALIZATION][CLIENT][ERROR] thaumcraft.zs:23: Could not resolve <thaumcraft : cinderpearl>
[INITIALIZATION][CLIENT][ERROR] thaumcraft.zs:25: Could not resolve <thaumcraft : ingot>
[INITIALIZATION][CLIENT][ERROR] thaumcraft.zs:26: Could not resolve <thaumcraft : ingot>
[INITIALIZATION][CLIENT][ERROR] thaumcraft.zs:26: Could not resolve <aspect : praecantatio>
[INITIALIZATION][CLIENT][ERROR] thaumcraft.zs:26: Could not resolve <aspect : terra>
[INITIALIZATION][CLIENT][ERROR] thaumcraft.zs:25 > No such member: thaumcraft
[INITIALIZATION][CLIENT][ERROR] thaumcraft.zs:26 > No such member: thaumcraft
[INITIALIZATION][CLIENT][ERROR] [crafttweaker]: Error executing {[0:crafttweaker]: thaumcraft.zs}: Bad type on operand stack
Exception Details:
  Location:
    Thaumcraft.__script__()V @325: invokestatic
  Reason:
    Type 'stanhebben/zenscript/value/IAny' (current frame, stack[4]) is not assignable to 'java/lang/String'
  Current Frame:
    bci: @325
    flags: { }
    locals: { }
    stack: { null, '[Lstanhebben/zenscript/value/IAny;', '[Lstanhebben/zenscript/value/IAny;', integer, 'stanhebben/zenscript/value/IAny' }
  Bytecode:
    0x0000000: 120a b800 10b2 0016 0103 b900 1c03 00b2
    0x0000010: 0016 0103 b900 1c03 00b2 0016 0103 b900
    0x0000020: 1c03 00b2 0016 0103 b900 1c03 00b2 0016
    0x0000030: 0103 b900 1c03 00b2 0016 0112 1dbd 001f
    0x0000040: 5912 2012 1dbd 0022 5912 2001 5359 1223
    0x0000050: 0153 5912 2401 5353 5912 2312 1dbd 0022
    0x0000060: 5912 2012 26b8 002c 5359 1223 122e 122f
    0x0000070: b800 3553 5912 2412 26b8 002c 5353 5912
    0x0000080: 2412 1dbd 0022 5912 2001 5359 1223 0153
    0x0000090: 5912 2401 5353 0101 b900 3905 00b2 0016
    0x00000a0: 0103 b900 1c03 00b2 0016 0112 1dbd 001f
    0x00000b0: 5912 2012 1dbd 0022 5912 2001 5359 1223
    0x00000c0: 0153 5912 2401 5353 5912 2312 1dbd 0022
    0x00000d0: 5912 2012 3bb8 002c 5359 1223 122e 123c
    0x00000e0: b800 3553 5912 2412 3bb8 002c 5353 5912
    0x00000f0: 2412 1dbd 0022 5912 2001 5359 1223 0153
    0x0000100: 5912 2401 5353 0101 b900 3905 00b2 0016
    0x0000110: 123e 1220 b800 3503 b900 1c03 0001 1223
    0x0000120: bd00 4059 1220 0153 b900 4402 0057 0112
    0x0000130: 45bd 0040 5912 2012 4759 c700 0857 01a7
    0x0000140: 0006 b800 4db8 0053 59c7 0008 5701 a700
    0x0000150: 06b8 004d 5359 1223 1255 59c7 0008 5701
    0x0000160: a700 06b8 004d b800 5359 c700 0857 01a7
    0x0000170: 0006 b800 4d53 5912 2401 5359 121d 1257
    0x0000180: b800 2c59 c700 0857 01a7 0006 b800 5c53
    0x0000190: 5912 5d12 24bd 005f 5912 2001 1223 bd00
    0x00001a0: 4059 1220 1245 59c7 0008 5701 a700 06b8
    0x00001b0: 0064 b800 6a53 b900 4402 0012 5fb9 006e
    0x00001c0: 0200 5359 1223 0112 23bd 0040 5912 2012
    0x00001d0: 4559 c700 0857 01a7 0006 b800 64b8 006a
    0x00001e0: 53b9 0044 0200 125f b900 6e02 0053 59c7
    0x00001f0: 0008 5701 a700 06b8 0064 b800 7459 c700
    0x0000200: 0857 01a7 0006 b800 6453 b900 4402 0057
    0x0000210: b1                                     
  Stackmap Table:
    full_frame(@322,{},{Null,Object[#118],Object[#118],Integer,Object[#120]})
    full_frame(@325,{},{Null,Object[#118],Object[#118],Integer,Object[#64]})
    full_frame(@337,{},{Null,Object[#118],Object[#118],Integer,Object[#122]})
    full_frame(@340,{},{Null,Object[#118],Object[#118],Integer,Object[#64]})
    full_frame(@355,{},{Null,Object[#118],Object[#118],Integer,Object[#120]})
    full_frame(@358,{},{Null,Object[#118],Object[#118],Integer,Object[#64]})
    full_frame(@370,{},{Null,Object[#118],Object[#118],Integer,Object[#122]})
    full_frame(@373,{},{Null,Object[#118],Object[#118],Integer,Object[#64]})
    full_frame(@396,{},{Null,Object[#118],Object[#118],Integer,Object[#124]})
    full_frame(@399,{},{Null,Object[#118],Object[#118],Integer,Object[#64]})
    full_frame(@431,{},{Null,Object[#118],Object[#118],Integer,Object[#126],Object[#126],Integer,Null,Object[#118],Object[#118],Integer,Integer})
    full_frame(@434,{},{Null,Object[#118],Object[#118],Integer,Object[#126],Object[#126],Integer,Null,Object[#118],Object[#118],Integer,Object[#64]})
    full_frame(@474,{},{Null,Object[#118],Object[#118],Integer,Object[#126],Object[#126],Integer,Null,Object[#118],Object[#118],Integer,Integer})
    full_frame(@477,{},{Null,Object[#118],Object[#118],Integer,Object[#126],Object[#126],Integer,Null,Object[#118],Object[#118],Integer,Object[#64]})
    full_frame(@503,{},{Null,Object[#118],Object[#118],Integer,Object[#126]})
    full_frame(@506,{},{Null,Object[#118],Object[#118],Integer,Object[#64]})
    full_frame(@518,{},{Null,Object[#118],Object[#118],Integer,Object[#95]})
    full_frame(@521,{},{Null,Object[#118],Object[#118],Integer,Object[#64]})

java.lang.VerifyError: Bad type on operand stack
Exception Details:
  Location:
    Thaumcraft.__script__()V @325: invokestatic
  Reason:
    Type 'stanhebben/zenscript/value/IAny' (current frame, stack[4]) is not assignable to 'java/lang/String'
  Current Frame:
    bci: @325
    flags: { }
    locals: { }
    stack: { null, '[Lstanhebben/zenscript/value/IAny;', '[Lstanhebben/zenscript/value/IAny;', integer, 'stanhebben/zenscript/value/IAny' }
  Bytecode:
    0x0000000: 120a b800 10b2 0016 0103 b900 1c03 00b2
    0x0000010: 0016 0103 b900 1c03 00b2 0016 0103 b900
    0x0000020: 1c03 00b2 0016 0103 b900 1c03 00b2 0016
    0x0000030: 0103 b900 1c03 00b2 0016 0112 1dbd 001f
    0x0000040: 5912 2012 1dbd 0022 5912 2001 5359 1223
    0x0000050: 0153 5912 2401 5353 5912 2312 1dbd 0022
    0x0000060: 5912 2012 26b8 002c 5359 1223 122e 122f
    0x0000070: b800 3553 5912 2412 26b8 002c 5353 5912
    0x0000080: 2412 1dbd 0022 5912 2001 5359 1223 0153
    0x0000090: 5912 2401 5353 0101 b900 3905 00b2 0016
    0x00000a0: 0103 b900 1c03 00b2 0016 0112 1dbd 001f
    0x00000b0: 5912 2012 1dbd 0022 5912 2001 5359 1223
    0x00000c0: 0153 5912 2401 5353 5912 2312 1dbd 0022
    0x00000d0: 5912 2012 3bb8 002c 5359 1223 122e 123c
    0x00000e0: b800 3553 5912 2412 3bb8 002c 5353 5912
    0x00000f0: 2412 1dbd 0022 5912 2001 5359 1223 0153
    0x0000100: 5912 2401 5353 0101 b900 3905 00b2 0016
    0x0000110: 123e 1220 b800 3503 b900 1c03 0001 1223
    0x0000120: bd00 4059 1220 0153 b900 4402 0057 0112
    0x0000130: 45bd 0040 5912 2012 4759 c700 0857 01a7
    0x0000140: 0006 b800 4db8 0053 59c7 0008 5701 a700
    0x0000150: 06b8 004d 5359 1223 1255 59c7 0008 5701
    0x0000160: a700 06b8 004d b800 5359 c700 0857 01a7
    0x0000170: 0006 b800 4d53 5912 2401 5359 121d 1257
    0x0000180: b800 2c59 c700 0857 01a7 0006 b800 5c53
    0x0000190: 5912 5d12 24bd 005f 5912 2001 1223 bd00
    0x00001a0: 4059 1220 1245 59c7 0008 5701 a700 06b8
    0x00001b0: 0064 b800 6a53 b900 4402 0012 5fb9 006e
    0x00001c0: 0200 5359 1223 0112 23bd 0040 5912 2012
    0x00001d0: 4559 c700 0857 01a7 0006 b800 64b8 006a
    0x00001e0: 53b9 0044 0200 125f b900 6e02 0053 59c7
    0x00001f0: 0008 5701 a700 06b8 0064 b800 7459 c700
    0x0000200: 0857 01a7 0006 b800 6453 b900 4402 0057
    0x0000210: b1                                     
  Stackmap Table:
    full_frame(@322,{},{Null,Object[#118],Object[#118],Integer,Object[#120]})
    full_frame(@325,{},{Null,Object[#118],Object[#118],Integer,Object[#64]})
    full_frame(@337,{},{Null,Object[#118],Object[#118],Integer,Object[#122]})
    full_frame(@340,{},{Null,Object[#118],Object[#118],Integer,Object[#64]})
    full_frame(@355,{},{Null,Object[#118],Object[#118],Integer,Object[#120]})
    full_frame(@358,{},{Null,Object[#118],Object[#118],Integer,Object[#64]})
    full_frame(@370,{},{Null,Object[#118],Object[#118],Integer,Object[#122]})
    full_frame(@373,{},{Null,Object[#118],Object[#118],Integer,Object[#64]})
    full_frame(@396,{},{Null,Object[#118],Object[#118],Integer,Object[#124]})
    full_frame(@399,{},{Null,Object[#118],Object[#118],Integer,Object[#64]})
    full_frame(@431,{},{Null,Object[#118],Object[#118],Integer,Object[#126],Object[#126],Integer,Null,Object[#118],Object[#118],Integer,Integer})
    full_frame(@434,{},{Null,Object[#118],Object[#118],Integer,Object[#126],Object[#126],Integer,Null,Object[#118],Object[#118],Integer,Object[#64]})
    full_frame(@474,{},{Null,Object[#118],Object[#118],Integer,Object[#126],Object[#126],Integer,Null,Object[#118],Object[#118],Integer,Integer})
    full_frame(@477,{},{Null,Object[#118],Object[#118],Integer,Object[#126],Object[#126],Integer,Null,Object[#118],Object[#118],Integer,Object[#64]})
    full_frame(@503,{},{Null,Object[#118],Object[#118],Integer,Object[#126]})
    full_frame(@506,{},{Null,Object[#118],Object[#118],Integer,Object[#64]})
    full_frame(@518,{},{Null,Object[#118],Object[#118],Integer,Object[#95]})
    full_frame(@521,{},{Null,Object[#118],Object[#118],Integer,Object[#64]})

	at __ZenMain__.run(Thaumcraft)
	at crafttweaker.runtime.CrTTweaker.loadScript(CrTTweaker.java:240)
	at crafttweaker.runtime.CrTTweaker.loadScript(CrTTweaker.java:105)
	at crafttweaker.mc1120.events.CommonEventHandler.registerRecipes(CommonEventHandler.java:71)
	at net.minecraftforge.fml.common.eventhandler.ASMEventHandler_812_CommonEventHandler_registerRecipes_Register.invoke(.dynamic)
	at net.minecraftforge.fml.common.eventhandler.ASMEventHandler.invoke(ASMEventHandler.java:90)
	at net.minecraftforge.fml.common.eventhandler.EventBus$1.invoke(EventBus.java:144)
	at com.github.terminatornl.laggoggles.tickcentral.EventBusTransformer.redirectEvent(EventBusTransformer.java:67)
	at net.minecraftforge.fml.common.eventhandler.EventBus.post(EventBus.java:182)
	at net.minecraftforge.registries.GameData.fireRegistryEvents(GameData.java:857)
	at net.minecraftforge.common.crafting.CraftingHelper.loadRecipes(CraftingHelper.java:636)
	at net.minecraftforge.fml.common.Loader.initializeMods(Loader.java:747)
	at net.minecraftforge.fml.client.FMLClientHandler.finishMinecraftLoading(FMLClientHandler.java:336)
	at net.minecraft.client.Minecraft.func_71384_a(Minecraft.java:535)
	at net.minecraft.client.Minecraft.func_99999_d(Minecraft.java:378)
	at net.minecraft.client.main.Main.main(SourceFile:123)
	at sun.reflect.NativeMethodAccessorImpl.invoke0(Native Method)
	at sun.reflect.NativeMethodAccessorImpl.invoke(NativeMethodAccessorImpl.java:62)
	at sun.reflect.DelegatingMethodAccessorImpl.invoke(DelegatingMethodAccessorImpl.java:43)
	at java.lang.reflect.Method.invoke(Method.java:497)
	at net.minecraft.launchwrapper.Launch.launch(Launch.java:135)
	at net.minecraft.launchwrapper.Launch.main(Launch.java:28)
[INITIALIZATION][CLIENT][INFO] [crafttweaker | SIDE_CLIENT]: Loading Script: {[0:crafttweaker]: Tinkers.zs}
[INITIALIZATION][CLIENT][INFO] TConstruct
[INITIALIZATION][CLIENT][INFO] Adding tooltip for <tconstruct:toolforge>: "Only dense plate recipe is correct"
[INITIALIZATION][CLIENT][INFO] Altering Melting Recipe(s) for <liquid:vibrant_alloy>
[INITIALIZATION][CLIENT][INFO] Altering Melting Recipe(s) for <liquid:energetic_alloy>
[INITIALIZATION][CLIENT][INFO] Altering Melting Recipe(s) for <liquid:conductive_iron>
[INITIALIZATION][CLIENT][INFO] Altering Melting Recipe(s) for <liquid:pulsating_iron>
[INITIALIZATION][CLIENT][INFO] Altering Melting Recipe(s) for <liquid:dark_steel>
[INITIALIZATION][CLIENT][INFO] Altering Melting Recipe(s) for <liquid:coal>
[INITIALIZATION][CLIENT][INFO] Altering Casting Recipe(s) for <forestry:gear_copper>
[INITIALIZATION][CLIENT][INFO] Altering Casting Recipe(s) for <forestry:gear_tin>
[INITIALIZATION][CLIENT][INFO] Altering Casting Recipe(s) for <forestry:gear_bronze>
[INITIALIZATION][CLIENT][INFO] [crafttweaker | SIDE_CLIENT]: Loading Script: {[0:crafttweaker]: vanilla.zs}
[INITIALIZATION][CLIENT][INFO] Basic
[INITIALIZATION][CLIENT][INFO] Completed script loading in: 838ms
[POSTINITIALIZATION][CLIENT][INFO] Removing recipes for various outputs
[POSTINITIALIZATION][CLIENT][INFO] Removing Shapeless recipes for <ore:plateIron>
[POSTINITIALIZATION][CLIENT][INFO] Removing 0 Shapeless recipes.
[POSTINITIALIZATION][CLIENT][INFO] Adding shaped recipe for Iron Casing with name ct_shaped1142341029
[POSTINITIALIZATION][CLIENT][INFO] Adding shaped recipe for User Interface with name ct_shaped613444488
[POSTINITIALIZATION][CLIENT][INFO] Adding shaped recipe for Control Circuit Board with name ct_shaped-1148468
[POSTINITIALIZATION][CLIENT][INFO] Adding shaped recipe for Item IO Circuit Board with name ct_shaped1471504173
[POSTINITIALIZATION][CLIENT][INFO] Adding shaped recipe for Liquid IO Circuit Board with name ct_shaped1766407507
[POSTINITIALIZATION][CLIENT][INFO] Adding shaped recipe for Gas Charge Pad with name ct_shaped-419870348
[POSTINITIALIZATION][CLIENT][INFO] Adding shaped recipe for Titanium Block with name ct_shaped1163299685
[POSTINITIALIZATION][CLIENT][INFO] Adding shaped recipe for Calculator Screen with name ct_shaped1833099219
[POSTINITIALIZATION][CLIENT][INFO] Adding shaped recipe for Calculator Assembly with name ct_shaped-840137427
[POSTINITIALIZATION][CLIENT][INFO] Adding shaped recipe for Control Unit (CU) with name ct_shaped-1912975027
[POSTINITIALIZATION][CLIENT][INFO] Adding shaped recipe for Computer Case (Tier 1) with name ct_shaped1969424726
[POSTINITIALIZATION][CLIENT][INFO] Adding shaped recipe for Computer Case (Tier 2) with name ct_shaped1165925602
[POSTINITIALIZATION][CLIENT][INFO] Adding shaped recipe for Computer Case (Tier 3) with name ct_shaped1652914951
[POSTINITIALIZATION][CLIENT][INFO] Adding shaped recipe for Disk Platter with name ct_shaped1614002868
[POSTINITIALIZATION][CLIENT][INFO] Adding shaped recipe for Resonating Machine Frame with name ct_shaped-1481353343
[POSTINITIALIZATION][CLIENT][INFO] Adding shaped recipe for Simple Machine Chassis with name ct_shaped613837343
[POSTINITIALIZATION][CLIENT][INFO] Adding shaped recipe for Reactor Casing Core (Legacy) with name ct_shaped-1903522822
[POSTINITIALIZATION][CLIENT][INFO] Adding shaped recipe for Sturdy Casing with name ct_shaped-650014527
[POSTINITIALIZATION][CLIENT][INFO] Adding shaped recipe for Forge Hammer with name ct_shaped1025172207
[POSTINITIALIZATION][CLIENT][INFO] Adding shaped recipe for Forge Hammer with name ct_shaped117896303
[POSTINITIALIZATION][CLIENT][INFO] Adding shaped recipe for Cutter with name ct_shaped955963012
[POSTINITIALIZATION][CLIENT][INFO] Adding shaped recipe for Basic Machine Casing with name ct_shaped1625795481
[POSTINITIALIZATION][CLIENT][INFO] Adding shaped recipe for Iron Mechanical Component with name ct_shaped-1904733232
[POSTINITIALIZATION][CLIENT][INFO] Adding shaped recipe for Steel Mechanical Component with name ct_shaped490319487
[POSTINITIALIZATION][CLIENT][INFO] Adding shapeless recipe for Reinforced Blast Brick with name ct_shapeless143886772
[POSTINITIALIZATION][CLIENT][INFO] Adding shaped recipe for Manual Rolling Machine with name ct_shaped1196771343
[POSTINITIALIZATION][CLIENT][INFO] Adding shaped recipe for Powered Rolling Machine with name ct_shaped1251557921
[POSTINITIALIZATION][CLIENT][INFO] Adding shaped recipe for Machine Frame with name ct_shaped-698020646
[POSTINITIALIZATION][CLIENT][INFO] Adding shaped recipe for Tool Forge with name ct_shaped792806588
[POSTINITIALIZATION][CLIENT][INFO] Removing furnace recipes for: <*>
[POSTINITIALIZATION][CLIENT][INFO] 1 recipes removed for: <*>
[POSTINITIALIZATION][CLIENT][INFO] Removing furnace recipes for: <*>
[POSTINITIALIZATION][CLIENT][INFO] 1 recipes removed for: <*>
[POSTINITIALIZATION][CLIENT][INFO] Removing furnace recipes for: <*>
[POSTINITIALIZATION][CLIENT][INFO] 1 recipes removed for: <*>
[POSTINITIALIZATION][CLIENT][INFO] Removing furnace recipes for: <*>
[POSTINITIALIZATION][CLIENT][INFO] 31 recipes removed for: <*>
[POSTINITIALIZATION][CLIENT][INFO] Removing furnace recipes for: <*>
[POSTINITIALIZATION][CLIENT][INFO] 1 recipes removed for: <*>
[POSTINITIALIZATION][CLIENT][INFO] Removing furnace recipes for: <*>
[POSTINITIALIZATION][CLIENT][INFO] 1 recipes removed for: <*>
[POSTINITIALIZATION][CLIENT][INFO] Removing furnace recipes for: <*>
[POSTINITIALIZATION][CLIENT][INFO] 7 recipes removed for: <*>
[POSTINITIALIZATION][CLIENT][INFO] Removing furnace recipes for: <*>
[POSTINITIALIZATION][CLIENT][INFO] 0 recipes removed for: <*>
[POSTINITIALIZATION][CLIENT][INFO] Removing furnace recipes for: <*>
[POSTINITIALIZATION][CLIENT][INFO] 1 recipes removed for: <*>
[POSTINITIALIZATION][CLIENT][INFO] Removing furnace recipes for: <*>
[POSTINITIALIZATION][CLIENT][INFO] 1 recipes removed for: <*>
[POSTINITIALIZATION][CLIENT][INFO] Removing furnace recipes for: <*>
[POSTINITIALIZATION][CLIENT][INFO] 1 recipes removed for: <*>
[POSTINITIALIZATION][CLIENT][INFO] Removing furnace recipes for: <*>
[POSTINITIALIZATION][CLIENT][INFO] 1 recipes removed for: <*>
[POSTINITIALIZATION][CLIENT][INFO] Removing furnace recipes for: <*>
[POSTINITIALIZATION][CLIENT][INFO] 1 recipes removed for: <*>
[POSTINITIALIZATION][CLIENT][INFO] Removing furnace recipes for: <*>
[POSTINITIALIZATION][CLIENT][INFO] 1 recipes removed for: <*>
[POSTINITIALIZATION][CLIENT][INFO] Removing furnace recipes for: <*>
[POSTINITIALIZATION][CLIENT][INFO] 1 recipes removed for: <*>
[POSTINITIALIZATION][CLIENT][INFO] Removing furnace recipes for: <*>
[POSTINITIALIZATION][CLIENT][INFO] 1 recipes removed for: <*>
[POSTINITIALIZATION][CLIENT][INFO] Removing furnace recipes for: <*>
[POSTINITIALIZATION][CLIENT][INFO] 1 recipes removed for: <*>
[POSTINITIALIZATION][CLIENT][INFO] Removing furnace recipes for: <*>
[POSTINITIALIZATION][CLIENT][INFO] 1 recipes removed for: <*>
[POSTINITIALIZATION][CLIENT][INFO] Removing furnace recipes for: <*>
[POSTINITIALIZATION][CLIENT][INFO] 0 recipes removed for: <*>
[POSTINITIALIZATION][CLIENT][INFO] Removing furnace recipes for: <*>
[POSTINITIALIZATION][CLIENT][INFO] 8 recipes removed for: <*>
[POSTINITIALIZATION][CLIENT][INFO] Removing furnace recipes for: <*>
[POSTINITIALIZATION][CLIENT][INFO] 5 recipes removed for: <*>
[POSTINITIALIZATION][CLIENT][INFO] Removing furnace recipes for: <*>
[POSTINITIALIZATION][CLIENT][INFO] 3 recipes removed for: <*>
[POSTINITIALIZATION][CLIENT][INFO] Removing furnace recipes for: <*>
[POSTINITIALIZATION][CLIENT][INFO] 5 recipes removed for: <*>
[POSTINITIALIZATION][CLIENT][INFO] Removing furnace recipes for: <*>
[POSTINITIALIZATION][CLIENT][INFO] 3 recipes removed for: <*>
[POSTINITIALIZATION][CLIENT][INFO] Removing furnace recipes for: <*>
[POSTINITIALIZATION][CLIENT][INFO] 2 recipes removed for: <*>
[AVAILABLE][CLIENT][INFO] Fixed the RecipeBook
[AVAILABLE][CLIENT][INFO] Altering Forestry Carpenter Recipe(s) for Basic Circuit Board
[AVAILABLE][CLIENT][INFO] Altering Forestry Carpenter Recipe(s) for Enhanced Circuit Board
[AVAILABLE][CLIENT][INFO] Altering Forestry Carpenter Recipe(s) for Refined Circuit Board
[AVAILABLE][CLIENT][INFO] Altering Forestry Carpenter Recipe(s) for Intricate Circuit Board
[AVAILABLE][CLIENT][INFO] Altering Forestry Carpenter Recipe(s) for Basic Circuit Board
[AVAILABLE][CLIENT][INFO] Altering Forestry Carpenter Recipe(s) for Enhanced Circuit Board
[AVAILABLE][CLIENT][INFO] Altering Forestry Carpenter Recipe(s) for Refined Circuit Board
[AVAILABLE][CLIENT][INFO] Altering Forestry Carpenter Recipe(s) for Intricate Circuit Board
[AVAILABLE][CLIENT][INFO] Altering Casting Recipe(s) for <forestry:gear_copper>
[AVAILABLE][CLIENT][INFO] Altering Casting Recipe(s) for <forestry:gear_tin>
[AVAILABLE][CLIENT][INFO] Altering Casting Recipe(s) for <forestry:gear_bronze>
[AVAILABLE][CLIENT][INFO] Hiding item in JEI: <bigreactors:duststeel>
[AVAILABLE][CLIENT][INFO] Hiding item in JEI: <bigreactors:ingotsteel>
[AVAILABLE][CLIENT][INFO] Hiding item in JEI: <ic2:bronze_boots>
[AVAILABLE][CLIENT][INFO] Hiding item in JEI: <ic2:bronze_chestplate>
[AVAILABLE][CLIENT][INFO] Hiding item in JEI: <ic2:bronze_leggings>
[AVAILABLE][CLIENT][INFO] Hiding item in JEI: <ic2:bronze_helmet>
[AVAILABLE][CLIENT][INFO] Hiding item in JEI: <ic2:coke>
[AVAILABLE][CLIENT][INFO] Hiding item in JEI: <ic2:bronze_sword>
[AVAILABLE][CLIENT][INFO] Hiding item in JEI: <ic2:bronze_axe>
[AVAILABLE][CLIENT][INFO] Hiding item in JEI: <ic2:bronze_hoe>
[AVAILABLE][CLIENT][INFO] Hiding item in JEI: <ic2:bronze_pickaxe>
[AVAILABLE][CLIENT][INFO] Hiding item in JEI: <ic2:bronze_shovel>
[AVAILABLE][CLIENT][INFO] Hiding item in JEI: <libvulpes:ore0:4>
[AVAILABLE][CLIENT][INFO] Hiding item in JEI: <forestry:resources:1>
[AVAILABLE][CLIENT][INFO] Hiding item in JEI: <forestry:resources:2>
[AVAILABLE][CLIENT][INFO] Hiding item in JEI: <techreborn:bronzehelmet>
[AVAILABLE][CLIENT][INFO] Hiding item in JEI: <techreborn:bronzechestplate>
[AVAILABLE][CLIENT][INFO] Hiding item in JEI: <techreborn:bronzeleggings>
[AVAILABLE][CLIENT][INFO] Hiding item in JEI: <techreborn:bronzeboots>
[AVAILABLE][CLIENT][INFO] Hiding item in JEI: <techreborn:bronzehoe>
[AVAILABLE][CLIENT][INFO] Hiding item in JEI: <techreborn:bronzeaxe>
[AVAILABLE][CLIENT][INFO] Hiding item in JEI: <techreborn:bronzespade>
[AVAILABLE][CLIENT][INFO] Hiding item in JEI: <techreborn:bronzepickaxe>
[AVAILABLE][CLIENT][INFO] Hiding item in JEI: <techreborn:bronzesword>
<forestry:resource_storage:3>
<techreborn:storage:14>
<railcraft:metal:5>
<mekanism:basicblock:1>
<basemetals:bronze_block>
<integrateddynamics:on_the_dynamics_of_integration>
<basemetals:copper_ore>
<mekanism:oreblock:1>
<techreborn:ore2>
<railcraft:ore_metal>
<immersiveengineering:ore>
